<?xml version="1.0" encoding="UTF-8"?>
<!-- Generated by org.testng.reporters.JUnitXMLReporter -->
<testsuite ignored="1" hostname="DESKTOP-61DUDVE" failures="0" tests="3" name="Default test" time="100.262" errors="0" timestamp="2021-06-09T12:27:00 IST">
  <testcase classname="com.cyient.test.LoginTest" name="validCredentialTest" time="34.224"/>
  <testcase classname="com.cyient.test.LoginTest" name="validCredentialTest" time="10.453"/>
  <testcase classname="com.cyient.test.LoginTest" name="validCredentialTest" time="5.268"/>
  <testcase classname="com.cyient.test.LoginTest" name="AckTest" time="0.0">
    <ignored/>
  </testcase> <!-- AckTest -->
</testsuite> <!-- Default test -->
