<?xml version="1.0" encoding="UTF-8"?>
<testng-results ignored="1" total="4" passed="3" failed="0" skipped="0">
  <reporter-output>
  </reporter-output>
  <suite started-at="2021-06-09T12:25:20 IST" name="Default suite" finished-at="2021-06-09T12:27:00 IST" duration-ms="100262">
    <groups>
    </groups>
    <test started-at="2021-06-09T12:25:20 IST" name="Default test" finished-at="2021-06-09T12:27:00 IST" duration-ms="100262">
      <class name="com.cyient.test.LoginTest">
        <test-method is-config="true" signature="setup()[pri:0, instance:com.cyient.test.LoginTest@193f604a]" started-at="2021-06-09T12:25:20 IST" name="setup" finished-at="2021-06-09T12:25:37 IST" duration-ms="17368" status="PASS">
          <reporter-output>
          </reporter-output>
        </test-method> <!-- setup -->
        <test-method signature="validCredentialTest(java.lang.String,java.lang.String,java.lang.String,java.lang.String)[pri:0, instance:com.cyient.test.LoginTest@193f604a]" started-at="2021-06-09T12:25:37 IST" name="validCredentialTest" data-provider="validCredentialExcelData" finished-at="2021-06-09T12:26:12 IST" duration-ms="34224" status="PASS">
          <params>
            <param index="0">
              <value>
                <![CDATA[admin]]>
              </value>
            </param>
            <param index="1">
              <value>
                <![CDATA[pass]]>
              </value>
            </param>
            <param index="2">
              <value>
                <![CDATA[English (Indian)]]>
              </value>
            </param>
            <param index="3">
              <value>
                <![CDATA[OpenEMR]]>
              </value>
            </param>
          </params>
          <reporter-output>
          </reporter-output>
        </test-method> <!-- validCredentialTest -->
        <test-method is-config="true" signature="tearDown()[pri:0, instance:com.cyient.test.LoginTest@193f604a]" started-at="2021-06-09T12:26:12 IST" name="tearDown" finished-at="2021-06-09T12:26:12 IST" duration-ms="688" status="PASS">
          <reporter-output>
          </reporter-output>
        </test-method> <!-- tearDown -->
        <test-method is-config="true" signature="setup()[pri:0, instance:com.cyient.test.LoginTest@193f604a]" started-at="2021-06-09T12:26:12 IST" name="setup" finished-at="2021-06-09T12:26:32 IST" duration-ms="20239" status="PASS">
          <reporter-output>
          </reporter-output>
        </test-method> <!-- setup -->
        <test-method signature="validCredentialTest(java.lang.String,java.lang.String,java.lang.String,java.lang.String)[pri:0, instance:com.cyient.test.LoginTest@193f604a]" started-at="2021-06-09T12:26:32 IST" name="validCredentialTest" data-provider="validCredentialExcelData" finished-at="2021-06-09T12:26:43 IST" duration-ms="10453" status="PASS">
          <params>
            <param index="0">
              <value>
                <![CDATA[physician]]>
              </value>
            </param>
            <param index="1">
              <value>
                <![CDATA[physician]]>
              </value>
            </param>
            <param index="2">
              <value>
                <![CDATA[English (Indian)]]>
              </value>
            </param>
            <param index="3">
              <value>
                <![CDATA[OpenEMR]]>
              </value>
            </param>
          </params>
          <reporter-output>
          </reporter-output>
        </test-method> <!-- validCredentialTest -->
        <test-method is-config="true" signature="tearDown()[pri:0, instance:com.cyient.test.LoginTest@193f604a]" started-at="2021-06-09T12:26:43 IST" name="tearDown" finished-at="2021-06-09T12:26:44 IST" duration-ms="709" status="PASS">
          <reporter-output>
          </reporter-output>
        </test-method> <!-- tearDown -->
        <test-method is-config="true" signature="setup()[pri:0, instance:com.cyient.test.LoginTest@193f604a]" started-at="2021-06-09T12:26:44 IST" name="setup" finished-at="2021-06-09T12:26:54 IST" duration-ms="10234" status="PASS">
          <reporter-output>
          </reporter-output>
        </test-method> <!-- setup -->
        <test-method signature="validCredentialTest(java.lang.String,java.lang.String,java.lang.String,java.lang.String)[pri:0, instance:com.cyient.test.LoginTest@193f604a]" started-at="2021-06-09T12:26:54 IST" name="validCredentialTest" data-provider="validCredentialExcelData" finished-at="2021-06-09T12:26:59 IST" duration-ms="5268" status="PASS">
          <params>
            <param index="0">
              <value>
                <![CDATA[accountant]]>
              </value>
            </param>
            <param index="1">
              <value>
                <![CDATA[accountant]]>
              </value>
            </param>
            <param index="2">
              <value>
                <![CDATA[English (Indian)]]>
              </value>
            </param>
            <param index="3">
              <value>
                <![CDATA[OpenEMR]]>
              </value>
            </param>
          </params>
          <reporter-output>
          </reporter-output>
        </test-method> <!-- validCredentialTest -->
        <test-method is-config="true" signature="tearDown()[pri:0, instance:com.cyient.test.LoginTest@193f604a]" started-at="2021-06-09T12:26:59 IST" name="tearDown" finished-at="2021-06-09T12:27:00 IST" duration-ms="698" status="PASS">
          <reporter-output>
          </reporter-output>
        </test-method> <!-- tearDown -->
      </class> <!-- com.cyient.test.LoginTest -->
    </test> <!-- Default test -->
  </suite> <!-- Default suite -->
</testng-results>
